<?xml version="1.0" encoding="UTF-8"?>
<!-- Generated by org.testng.reporters.JUnitReportReporter -->
<testsuite hostname="PRAVEEN" failures="0" tests="2" name="TestNG.Datadriven" time="0.012" errors="0" timestamp="2023-12-24T16:03:47 IST" skipped="0">
  <testcase classname="TestNG.Datadriven" name="readdada" time="0.011"/>
  <testcase classname="TestNG.Datadriven" name="readdada" time="0.001"/>
</testsuite> <!-- TestNG.Datadriven -->
