<?xml version="1.0" encoding="UTF-8"?>
<!-- Generated by org.testng.reporters.JUnitReportReporter -->
<testsuite hostname="PRAVEEN" failures="0" tests="2" name="Collections.Demo" time="0.015" errors="0" timestamp="2023-11-23T18:03:32 IST" skipped="0">
  <testcase classname="Collections.Demo" name="list" time="0.013"/>
  <testcase classname="Collections.Demo" name="max" time="0.002"/>
</testsuite> <!-- Collections.Demo -->
