<?xml version="1.0" encoding="UTF-8"?>
<!-- Generated by org.testng.reporters.JUnitReportReporter -->
<testsuite hostname="PRAVEEN" failures="0" tests="1" name="WebTable.practiceTable" time="20.064" errors="0" timestamp="2024-01-02T09:51:42 IST" skipped="0">
  <testcase classname="WebTable.practiceTable" name="dropdown" time="20.064"/>
</testsuite> <!-- WebTable.practiceTable -->
