<?xml version="1.0" encoding="UTF-8"?>
<!-- Generated by org.testng.reporters.JUnitReportReporter -->
<testsuite hostname="PRAVEEN" failures="0" tests="1" name="WindowHandles.duplicate" time="23.630" errors="0" timestamp="2023-10-01T09:30:45 IST" skipped="0">
  <testcase classname="WindowHandles.duplicate" name="window" time="23.630"/>
</testsuite> <!-- WindowHandles.duplicate -->
