<?xml version="1.0" encoding="UTF-8"?>
<!-- Generated by org.testng.reporters.JUnitReportReporter -->
<testsuite hostname="PRAVEEN" failures="0" tests="2" name="Collections.mergtwoArrays" time="0.014" errors="0" timestamp="2023-11-23T21:37:01 IST" skipped="0">
  <testcase classname="Collections.mergtwoArrays" name="proirityQ" time="0.002"/>
  <testcase classname="Collections.mergtwoArrays" name="join" time="0.012"/>
</testsuite> <!-- Collections.mergtwoArrays -->
