<?xml version="1.0" encoding="UTF-8"?>
<!-- Generated by org.testng.reporters.JUnitReportReporter -->
<testsuite hostname="PRAVEEN" failures="0" tests="2" name="TestNG.first" time="0.013" errors="0" timestamp="2023-12-24T13:45:01 IST" skipped="0">
  <testcase classname="TestNG.first" name="newone" time="0.011"/>
  <testcase classname="TestNG.first" name="newthree" time="0.002"/>
</testsuite> <!-- TestNG.first -->
