<?xml version="1.0" encoding="UTF-8"?>
<!-- Generated by org.testng.reporters.JUnitReportReporter -->
<testsuite hostname="DESKTOP-2P6EI6K" failures="0" tests="1" name="New.AirIndia.Property" time="7.410" errors="0" timestamp="2023-08-20T15:54:37 IST" skipped="0">
  <testcase classname="New.AirIndia.Property" name="loginpage" time="7.410"/>
</testsuite> <!-- New.AirIndia.Property -->
