<?xml version="1.0" encoding="UTF-8"?>
<!-- Generated by org.testng.reporters.JUnitReportReporter -->
<testsuite hostname="PRAVEEN" failures="0" tests="1" name="New.AirIndia.autopro" time="87.984" errors="0" timestamp="2023-09-17T08:48:32 IST" skipped="0">
  <testcase classname="New.AirIndia.autopro" name="NEWp" time="87.984"/>
</testsuite> <!-- New.AirIndia.autopro -->
