<?xml version="1.0" encoding="UTF-8"?>
<!-- Generated by org.testng.reporters.JUnitReportReporter -->
<testsuite hostname="PRAVEEN" failures="0" tests="1" name="Dropdowns.drop2" time="11.545" errors="0" timestamp="2023-09-17T10:48:31 IST" skipped="0">
  <testcase classname="Dropdowns.drop2" name="location" time="11.545"/>
</testsuite> <!-- Dropdowns.drop2 -->
