<?xml version="1.0" encoding="UTF-8"?>
<!-- Generated by org.testng.reporters.JUnitReportReporter -->
<testsuite hostname="PRAVEEN" failures="0" tests="1" name="Collections.ArrayList" time="0.014" errors="0" timestamp="2023-11-23T16:28:20 IST" skipped="0">
  <testcase classname="Collections.ArrayList" name="newone" time="0.014"/>
</testsuite> <!-- Collections.ArrayList -->
