<?xml version="1.0" encoding="UTF-8"?>
<!-- Generated by org.testng.reporters.JUnitReportReporter -->
<testsuite hostname="PRAVEEN" failures="0" tests="1" name="jqurydropdown.practice" time="11.217" errors="0" timestamp="2023-11-23T07:23:02 IST" skipped="0">
  <testcase classname="jqurydropdown.practice" name="New" time="11.217"/>
</testsuite> <!-- jqurydropdown.practice -->
