<?xml version="1.0" encoding="UTF-8"?>
<!-- Generated by org.testng.reporters.JUnitReportReporter -->
<testsuite hostname="PRAVEEN" failures="0" tests="1" name="Collections.HigstNumber" time="0.011" errors="0" timestamp="2023-11-23T19:51:18 IST" skipped="0">
  <testcase classname="Collections.HigstNumber" name="logics" time="0.011"/>
</testsuite> <!-- Collections.HigstNumber -->
