<?xml version="1.0" encoding="UTF-8"?>
<!-- Generated by org.testng.reporters.JUnitReportReporter -->
<testsuite hostname="PRAVEEN" failures="0" tests="1" name="WindowHandles.NewWindow" time="9.880" errors="0" timestamp="2023-11-15T11:06:42 IST" skipped="0">
  <testcase classname="WindowHandles.NewWindow" name="newwwone" time="9.880"/>
</testsuite> <!-- WindowHandles.NewWindow -->
