<?xml version="1.0" encoding="UTF-8"?>
<!-- Generated by org.testng.reporters.JUnitReportReporter -->
<testsuite hostname="PRAVEEN" failures="0" tests="2" name="TestNG.Second" time="0.004" errors="0" timestamp="2023-12-24T13:45:01 IST" skipped="0">
  <testcase classname="TestNG.Second" name="animalcat" time="0.002"/>
  <testcase classname="TestNG.Second" name="animaldog" time="0.002"/>
</testsuite> <!-- TestNG.Second -->
