<?xml version="1.0" encoding="UTF-8"?>
<!-- Generated by org.testng.reporters.JUnitReportReporter -->
<testsuite hostname="PRAVEEN" failures="0" tests="1" name="jqurydropdown.Third" time="7.490" errors="0" timestamp="2023-11-15T10:31:50 IST" skipped="0">
  <testcase classname="jqurydropdown.Third" name="New" time="7.490"/>
</testsuite> <!-- jqurydropdown.Third -->
