<?xml version="1.0" encoding="UTF-8"?>
<!-- Generated by org.testng.reporters.JUnitReportReporter -->
<testsuite hostname="PRAVEEN" failures="0" tests="1" name="jqurydropdown.Exp" time="9.212" errors="0" timestamp="2023-11-12T19:56:52 IST" skipped="0">
  <testcase classname="jqurydropdown.Exp" name="New" time="9.212"/>
</testsuite> <!-- jqurydropdown.Exp -->
