<?xml version="1.0" encoding="UTF-8"?>
<!-- Generated by org.testng.reporters.JUnitReportReporter -->
<testsuite hostname="PRAVEEN" failures="0" tests="1" name="Example.stars" time="0.012" errors="0" timestamp="2023-09-01T10:41:33 IST" skipped="0">
  <testcase classname="Example.stars" name="starst" time="0.012"/>
</testsuite> <!-- Example.stars -->
