<?xml version="1.0" encoding="UTF-8"?>
<!-- Generated by org.testng.reporters.JUnitReportReporter -->
<testsuite hostname="PRAVEEN" failures="0" tests="2" name="Collections.ArrrrayList" time="0.013" errors="0" timestamp="2023-11-23T16:57:21 IST" skipped="0">
  <testcase classname="Collections.ArrrrayList" name="arrlist" time="0.011"/>
  <testcase classname="Collections.ArrrrayList" name="newone" time="0.002"/>
</testsuite> <!-- Collections.ArrrrayList -->
