<?xml version="1.0" encoding="UTF-8"?>
<!-- Generated by org.testng.reporters.JUnitReportReporter -->
<testsuite hostname="PRAVEEN" failures="0" tests="1" name="Dropdowns.dummydropdown" time="19.912" errors="0" timestamp="2023-09-23T18:43:41 IST" skipped="0">
  <testcase classname="Dropdowns.dummydropdown" name="newone" time="19.912"/>
</testsuite> <!-- Dropdowns.dummydropdown -->
