<?xml version="1.0" encoding="UTF-8"?>
<!-- Generated by org.testng.reporters.JUnitReportReporter -->
<testsuite hostname="PRAVEEN" failures="0" tests="3" name="Example.Logic" time="0.012" errors="0" timestamp="2023-10-25T12:44:04 IST" skipped="0">
  <testcase classname="Example.Logic" name="printvalues" time="0.001"/>
  <testcase classname="Example.Logic" name="next" time="0.001"/>
  <testcase classname="Example.Logic" name="last" time="0.010"/>
</testsuite> <!-- Example.Logic -->
