<?xml version="1.0" encoding="UTF-8"?>
<!-- Generated by org.testng.reporters.JUnitReportReporter -->
<testsuite hostname="PRAVEEN" failures="0" tests="1" name="WindowHandle.Drop_Down" time="6.533" errors="0" timestamp="2023-09-13T21:00:57 IST" skipped="0">
  <testcase classname="WindowHandle.Drop_Down" name="test1" time="6.533"/>
</testsuite> <!-- WindowHandle.Drop_Down -->
