<?xml version="1.0" encoding="UTF-8"?>
<!-- Generated by org.testng.reporters.JUnitReportReporter -->
<testsuite hostname="PRAVEEN" failures="0" tests="1" name="JsonreadData.data.ReadDataFromJson" time="0.073" errors="0" timestamp="2023-11-23T13:31:07 IST" skipped="0">
  <testcase classname="JsonreadData.data.ReadDataFromJson" name="Executedata" time="0.073"/>
</testsuite> <!-- JsonreadData.data.ReadDataFromJson -->
