<?xml version="1.0" encoding="UTF-8"?>
<!-- Generated by org.testng.reporters.JUnitReportReporter -->
<testsuite hostname="PRAVEEN" failures="0" tests="1" name="WindowHandle.First" time="26.724" errors="0" timestamp="2023-09-13T16:34:43 IST" skipped="0">
  <testcase classname="WindowHandle.First" name="test1" time="26.724"/>
</testsuite> <!-- WindowHandle.First -->
