<?xml version="1.0" encoding="UTF-8"?>
<!-- Generated by org.testng.reporters.JUnitReportReporter -->
<testsuite hostname="PRAVEEN" failures="0" tests="1" name="iframes.first" time="26.031" errors="0" timestamp="2023-11-12T19:11:30 IST" skipped="0">
  <testcase classname="iframes.first" name="iframe" time="26.031"/>
</testsuite> <!-- iframes.first -->
