<?xml version="1.0" encoding="UTF-8"?>
<!-- Generated by org.testng.reporters.JUnitReportReporter -->
<testsuite hostname="PRAVEEN" failures="0" tests="1" name="jqurydropdown.SecondExp" time="10.583" errors="0" timestamp="2023-10-10T11:20:12 IST" skipped="0">
  <testcase classname="jqurydropdown.SecondExp" name="New" time="10.583"/>
</testsuite> <!-- jqurydropdown.SecondExp -->
