<?xml version="1.0" encoding="UTF-8"?>
<!-- Generated by org.testng.reporters.JUnitReportReporter -->
<testsuite hostname="PRAVEEN" failures="0" tests="2" name="Collections.SecondLargestNumber" time="0.013" errors="0" timestamp="2023-11-23T20:09:59 IST" skipped="0">
  <testcase classname="Collections.SecondLargestNumber" name="secondSmallest" time="0.002"/>
  <testcase classname="Collections.SecondLargestNumber" name="logics" time="0.011"/>
</testsuite> <!-- Collections.SecondLargestNumber -->
