<?xml version="1.0" encoding="UTF-8"?>
<!-- Generated by org.testng.reporters.JUnitReportReporter -->
<testsuite hostname="PRAVEEN" failures="0" tests="1" name="flifkart_names" time="4.366" errors="0" timestamp="2024-01-03T11:53:59 IST" skipped="0">
  <testcase classname="flifkart_names" name="capturenames" time="4.366"/>
</testsuite> <!-- flifkart_names -->
